1/2/2023 5:45:13 PM	This log contains information about the import schema operation into project 'seleksi' on computer 'DESKTOP-HSIK6LT' by user 'radityopw'.
1/2/2023 5:45:13 PM	Import of database schema has started.
1/2/2023 5:45:13 PM	Gathering database credentials
1/2/2023 5:45:13 PM	Gathering database options
1/2/2023 5:45:13 PM	Gathering generic database scoped configuration option
1/2/2023 5:45:13 PM	Gathering users
1/2/2023 5:45:13 PM	Gathering roles
1/2/2023 5:45:13 PM	Gathering application roles
1/2/2023 5:45:13 PM	Gathering role memberships
1/2/2023 5:45:13 PM	Gathering filegroups
1/2/2023 5:45:13 PM	Gathering full-text catalogs
1/2/2023 5:45:13 PM	Gathering assemblies
1/2/2023 5:45:13 PM	Gathering certificates
1/2/2023 5:45:13 PM	Gathering asymmetric keys
1/2/2023 5:45:13 PM	Gathering symmetric keys
1/2/2023 5:45:13 PM	Gathering encrypted symmetric keys
1/2/2023 5:45:13 PM	Gathering schemas
1/2/2023 5:45:13 PM	Gathering XML schema collections
1/2/2023 5:45:13 PM	Gathering user-defined data types
1/2/2023 5:45:13 PM	Gathering user-defined types
1/2/2023 5:45:13 PM	Gathering table types
1/2/2023 5:45:13 PM	Gathering unique keys for table types
1/2/2023 5:45:13 PM	Gathering primary keys for table types
1/2/2023 5:45:13 PM	Gathering indexes for table types
1/2/2023 5:45:13 PM	Gathering check constraints for table types
1/2/2023 5:45:13 PM	Gathering default constraints for table types
1/2/2023 5:45:13 PM	Gathering partition functions
1/2/2023 5:45:13 PM	Gathering partition schemes
1/2/2023 5:45:13 PM	Gathering functions
1/2/2023 5:45:13 PM	Gathering encrypted functions
1/2/2023 5:45:13 PM	Gathering aggregates
1/2/2023 5:45:13 PM	Gathering procedures
1/2/2023 5:45:13 PM	Gathering encrypted procedures
1/2/2023 5:45:13 PM	Gathering tables
1/2/2023 5:45:13 PM	Gathering primary keys
1/2/2023 5:45:13 PM	Gathering unique constraints
1/2/2023 5:45:13 PM	Gathering foreign keys
1/2/2023 5:45:13 PM	Gathering default constraints
1/2/2023 5:45:13 PM	Gathering check constraints
1/2/2023 5:45:13 PM	Gathering views
1/2/2023 5:45:13 PM	Gathering encrypted views
1/2/2023 5:45:13 PM	Gathering indexes
1/2/2023 5:45:13 PM	Gathering statistics
1/2/2023 5:45:13 PM	Gathering full-text index stoplists
1/2/2023 5:45:13 PM	Gathering search property lists
1/2/2023 5:45:13 PM	Gathering search properties
1/2/2023 5:45:13 PM	Gathering full-text indexes
1/2/2023 5:45:13 PM	Gathering column store indexes
1/2/2023 5:45:13 PM	Gathering spatial indexes
1/2/2023 5:45:13 PM	Gathering XML indexes
1/2/2023 5:45:13 PM	Gathering Selective XML indexes
1/2/2023 5:45:13 PM	Gathering encrypted triggers
1/2/2023 5:45:13 PM	Gathering triggers
1/2/2023 5:45:13 PM	Gathering encrypted and clr ddl triggers
1/2/2023 5:45:13 PM	Gathering ddl triggers
1/2/2023 5:45:13 PM	Gathering synonyms
1/2/2023 5:45:13 PM	Gathering defaults
1/2/2023 5:45:13 PM	Gathering data constraint uddt bindings
1/2/2023 5:45:13 PM	Gathering rules
1/2/2023 5:45:13 PM	Gathering data constraint uddt bindings
1/2/2023 5:45:13 PM	Gathering message types
1/2/2023 5:45:13 PM	Gathering queues
1/2/2023 5:45:13 PM	Gathering contracts
1/2/2023 5:45:13 PM	Gathering services
1/2/2023 5:45:13 PM	Gathering event notifications
1/2/2023 5:45:13 PM	Gathering remote service bindings
1/2/2023 5:45:13 PM	Gathering broker priorities
1/2/2023 5:45:13 PM	Gathering signatures
1/2/2023 5:45:13 PM	Gathering data compression options
1/2/2023 5:45:13 PM	Gathering sequence types
1/2/2023 5:45:13 PM	Gathering security policies
1/2/2023 5:45:13 PM	Gather column encryption keys
1/2/2023 5:45:13 PM	Gathering column master keys
1/2/2023 5:45:13 PM	Gathering external data sources
1/2/2023 5:45:13 PM	Gathering external file formats
1/2/2023 5:45:13 PM	Gathering external tables
1/2/2023 5:45:13 PM	Gathering extended properties
1/2/2023 5:45:13 PM	Scanning project for duplicate elements
1/2/2023 5:45:13 PM	Finished duplicate element processing
1/2/2023 5:45:14 PM	Finished importing database.
1/2/2023 5:45:14 PM	A summary of the import was saved to the following location: D:\Workspaces\seleksi-sqlserver\seleksi\seleksi\Import Schema Logs\seleksi_20230102104513.log
1/2/2023 5:45:14 PM	Click Finish to continue...
